#
# There is insufficient memory for the Java Runtime Environment to continue.
# Native memory allocation (malloc) failed to allocate 1048576 bytes for AllocateHeap
# Possible reasons:
#   The system is out of physical RAM or swap space
#   In 32 bit mode, the process size limit was hit
# Possible solutions:
#   Reduce memory load on the system
#   Increase physical memory or swap space
#   Check if swap backing store is full
#   Use 64 bit Java on a 64 bit OS
#   Decrease Java heap size (-Xmx/-Xms)
#   Decrease number of Java threads
#   Decrease Java thread stack sizes (-Xss)
#   Set larger code cache with -XX:ReservedCodeCacheSize=
# This output file may be truncated or incomplete.
#
#  Out of Memory Error (memory/allocation.inline.hpp:61), pid=31908, tid=0x0000000000007518
#
# JRE version:  (8.0_76-b03) (build )
# Java VM: OpenJDK 64-Bit Server VM (25.76-b03 mixed mode windows-amd64 compressed oops)
# Failed to write core dump. Minidumps are not enabled by default on client versions of Windows
#

---------------  T H R E A D  ---------------

Current thread (0x0000000001f8d800):  JavaThread "Unknown thread" [_thread_in_vm, id=29976, stack(0x0000000001e70000,0x0000000001f70000)]

Stack: [0x0000000001e70000,0x0000000001f70000]
[error occurred during error reporting (printing stack bounds), id 0xc0000005]

Native frames: (J=compiled Java code, j=interpreted, Vv=VM code, C=native code)


---------------  P R O C E S S  ---------------

Java Threads: ( => current thread )

Other Threads:

=>0x0000000001f8d800 (exited) JavaThread "Unknown thread" [_thread_in_vm, id=29976, stack(0x0000000001e70000,0x0000000001f70000)]

VM state:not at safepoint (normal execution)

VM Mutex/Monitor currently owned by a thread: None

Heap:
 PSYoungGen      total 76288K, used 1310K [0x00000000eab00000, 0x00000000f0000000, 0x0000000100000000)
  eden space 65536K, 2% used [0x00000000eab00000,0x00000000eac47af0,0x00000000eeb00000)
  from space 10752K, 0% used [0x00000000ef580000,0x00000000ef580000,0x00000000f0000000)
  to   space 10752K, 0% used [0x00000000eeb00000,0x00000000eeb00000,0x00000000ef580000)
 ParOldGen       total 175104K, used 0K [0x00000000c0000000, 0x00000000cab00000, 0x00000000eab00000)
  object space 175104K, 0% used [0x00000000c0000000,0x00000000c0000000,0x00000000cab00000)
 Metaspace       used 771K, capacity 4480K, committed 4480K, reserved 1056768K
  class space    used 73K, capacity 384K, committed 384K, reserved 1048576K

Card table byte_map: [0x0000000011450000,0x0000000011660000] byte_map_base: 0x0000000010e50000

Marking Bits: (ParMarkBitMap*) 0x000000006f179d00
 Begin Bits: [0x0000000011bc0000, 0x0000000012bc0000)
 End Bits:   [0x0000000012bc0000, 0x0000000013bc0000)

Polling page: 0x0000000001b50000

CodeCache: size=245760Kb used=328Kb max_used=328Kb free=245431Kb
 bounds [0x0000000002090000, 0x0000000002300000, 0x0000000011090000]
 total_blobs=57 nmethods=0 adapters=38
 compilation: enabled

Compilation events (0 events):
No events

GC Heap History (0 events):
No events

Deoptimization events (0 events):
No events

Internal exceptions (0 events):
No events

Events (10 events):
Event: 0.057 loading class java/lang/Short
Event: 0.057 loading class java/lang/Short done
Event: 0.057 loading class java/lang/Integer
Event: 0.057 loading class java/lang/Integer done
Event: 0.057 loading class java/lang/Long
Event: 0.057 loading class java/lang/Long done
Event: 0.058 loading class java/lang/NullPointerException
Event: 0.058 loading class java/lang/NullPointerException done
Event: 0.058 loading class java/lang/ArithmeticException
Event: 0.059 loading class java/lang/ArithmeticException done


Dynamic libraries:
0x00007ff725170000 - 0x00007ff7251a1000 	D:\Program Files\Android\Android Studio\jre\bin\java.exe
0x00007ff8bf1a0000 - 0x00007ff8bf34c000 	C:\Windows\SYSTEM32\ntdll.dll
0x00007ff8bcfc0000 - 0x00007ff8bd0fe000 	C:\Windows\system32\KERNEL32.DLL
0x00007ff8bc470000 - 0x00007ff8bc585000 	C:\Windows\system32\KERNELBASE.dll
0x00007ff8bf0f0000 - 0x00007ff8bf19a000 	C:\Windows\system32\ADVAPI32.dll
0x00007ff8bd2a0000 - 0x00007ff8bd417000 	C:\Windows\system32\USER32.dll
0x00007ff8b9fd0000 - 0x00007ff8ba24b000 	C:\Windows\WinSxS\amd64_microsoft.windows.common-controls_6595b64144ccf1df_6.0.9600.17415_none_6240486fecbd8abb\COMCTL32.dll
0x00007ff8bc960000 - 0x00007ff8bca0a000 	C:\Windows\system32\msvcrt.dll
0x00007ff8bd730000 - 0x00007ff8bd789000 	C:\Windows\SYSTEM32\sechost.dll
0x00007ff8bd420000 - 0x00007ff8bd561000 	C:\Windows\system32\RPCRT4.dll
0x00007ff8bcbe0000 - 0x00007ff8bcd31000 	C:\Windows\system32\GDI32.dll
0x00007ff8bef90000 - 0x00007ff8befc6000 	C:\Windows\system32\IMM32.DLL
0x00007ff8bca70000 - 0x00007ff8bcbc2000 	C:\Windows\system32\MSCTF.dll
0x000000006e8e0000 - 0x000000006e9b2000 	D:\Program Files\Android\Android Studio\jre\jre\bin\msvcr100.dll
0x000000006e9c0000 - 0x000000006f1f4000 	D:\Program Files\Android\Android Studio\jre\jre\bin\server\jvm.dll
0x00007ff8b31a0000 - 0x00007ff8b31a9000 	C:\Windows\SYSTEM32\WSOCK32.dll
0x00007ff8abe10000 - 0x00007ff8abe32000 	C:\Windows\SYSTEM32\WINMM.dll
0x00007ff8b6170000 - 0x00007ff8b617a000 	C:\Windows\SYSTEM32\VERSION.dll
0x00007ff8bc820000 - 0x00007ff8bc827000 	C:\Windows\system32\PSAPI.DLL
0x00007ff8bcd40000 - 0x00007ff8bcd9a000 	C:\Windows\system32\WS2_32.dll
0x00007ff8abde0000 - 0x00007ff8abe0a000 	C:\Windows\SYSTEM32\WINMMBASE.dll
0x00007ff8bd720000 - 0x00007ff8bd729000 	C:\Windows\system32\NSI.dll
0x00007ff8bc770000 - 0x00007ff8bc7bf000 	C:\Windows\SYSTEM32\cfgmgr32.dll
0x00007ff8bb0e0000 - 0x00007ff8bb108000 	C:\Windows\SYSTEM32\DEVOBJ.dll
0x00007ff8b3e60000 - 0x00007ff8b3e6f000 	D:\Program Files\Android\Android Studio\jre\jre\bin\verify.dll
0x00007ff8a2d90000 - 0x00007ff8a2db9000 	D:\Program Files\Android\Android Studio\jre\jre\bin\java.dll
0x00007ff8ac020000 - 0x00007ff8ac036000 	D:\Program Files\Android\Android Studio\jre\jre\bin\zip.dll

VM Arguments:
jvm_args: -Djava.awt.headless=true -Xmx1024M -Dfile.encoding=GBK -Duser.country=CN -Duser.language=zh -Duser.variant 
java_command: com.android.dx.command.Main --dex --force-jumbo --num-threads=4 --output D:\android-studio-project\GitDroid\app\build\intermediates\pre-dexed\debug\pl.droidsonroids.gif-android-gif-drawable-1.1.16_0473c02738046a206c8b26f8010519f21fa56524.jar D:\android-studio-project\GitDroid\app\build\intermediates\exploded-aar\pl.droidsonroids.gif\android-gif-drawable\1.1.16\jars\classes.jar
java_class_path (initial): D:\Android\android-sdk\build-tools\24.0.0\lib\dx.jar
Launcher Type: SUN_STANDARD

Environment Variables:
JAVA_HOME=C:\Program Files (x86)\Java\jdk1.6.0_10
CLASSPATH=.;C:\Program Files (x86)\Java\jdk1.6.0_10\lib\dt.jar;C:\Program Files (x86)\Java\jdk1.6.0_10\lib\tools.jar;
PATH=C:\ProgramData\Oracle\Java\javapath;C:\Program Files (x86)\Intel\iCLS Client\;C:\Program Files\Intel\iCLS Client\;C:\Windows\system32;C:\Windows;C:\Windows\System32\Wbem;C:\Windows\System32\WindowsPowerShell\v1.0\;C:\Program Files (x86)\Microsoft SQL Server\80\Tools\Binn\;C:\Program Files\Microsoft SQL Server\90\DTS\Binn\;C:\Program Files (x86)\Microsoft SQL Server\100\Tools\Binn\VSShell\Common7\IDE\;C:\Program Files (x86)\Microsoft SQL Server\100\Tools\Binn\;C:\Program Files\Microsoft SQL Server\100\Tools\Binn\;C:\Program Files (x86)\Microsoft SQL Server\100\DTS\Binn\;C:\Program Files\Microsoft\Web Platform Installer\;C:\Program Files (x86)\Microsoft ASP.NET\ASP.NET Web Pages\v1.0\;C:\Program Files (x86)\Windows Kits\8.0\Windows Performance Toolkit\;C:\Program Files\Microsoft SQL Server\110\Tools\Binn\;C:\Program Files\TortoiseSVN\bin;C:\Program Files (x86)\ATI Technologies\ATI.ACE\Core-Static;C:\Program Files (x86)\Intel\Intel(R) Management Engine Components\DAL;C:\Program Files\Intel\Intel(R) Management Engine Components\DAL;C:\Program Files (x86)\Intel\Intel(R) Management Engine Components\IPT;C:\Program Files\Intel\Intel(R) Management Engine Components\IPT;C:\Program Files (x86)\nodejs\;C:\Program Files\TortoiseGit\bin;C:\Program Files (x86)\Skype\Phone\;D:\androidstudio\android-ndk-r11c-windows-x86_64\android-ndk-r11c;c:\tomcat\bin;c:\tomcat\lib;C:\Program Files (x86)\Java\jdk1.6.0_10\bin;C:\Program Files (x86)\Java\jdk1.6.0_10\jre\bin;c:\windows\system32\;C:\Users\ganjian\AppData\Roaming\npm
USERNAME=ganjian
OS=Windows_NT
PROCESSOR_IDENTIFIER=Intel64 Family 6 Model 60 Stepping 3, GenuineIntel



---------------  S Y S T E M  ---------------

OS: Windows 8.1 , 64 bit Build 9600 (6.3.9600.17415)

CPU:total 4 (4 cores per cpu, 1 threads per core) family 6 model 60 stepping 3, cmov, cx8, fxsr, mmx, sse, sse2, sse3, ssse3, sse4.1, sse4.2, popcnt, avx, avx2, aes, clmul, erms, lzcnt, tsc, tscinvbit, bmi1, bmi2

Memory: 4k page, physical 16650796k(3020884k free), swap 16650796k(275456k free)

vm_info: OpenJDK 64-Bit Server VM (25.76-b03) for windows-amd64 JRE (1.8.0_76-release-b03), built on Jun 29 2016 19:09:20 by "ralucas" with MS VC++ 10.0 (VS2010)

time: Thu Mar 02 16:25:14 2017
elapsed time: 0 seconds (0d 0h 0m 0s)

